#
# There is insufficient memory for the Java Runtime Environment to continue.
# Native memory allocation (malloc) failed to allocate 1048576 bytes for AllocateHeap
# Possible reasons:
#   The system is out of physical RAM or swap space
#   The process is running with CompressedOops enabled, and the Java Heap may be blocking the growth of the native heap
# Possible solutions:
#   Reduce memory load on the system
#   Increase physical memory or swap space
#   Check if swap backing store is full
#   Decrease Java heap size (-Xmx/-Xms)
#   Decrease number of Java threads
#   Decrease Java thread stack sizes (-Xss)
#   Set larger code cache with -XX:ReservedCodeCacheSize=
#   JVM is running with Zero Based Compressed Oops mode in which the Java heap is
#     placed in the first 32GB address space. The Java Heap base address is the
#     maximum limit for the native heap growth. Please use -XX:HeapBaseMinAddress
#     to set the Java Heap base and to place the Java Heap above 32GB virtual address.
# This output file may be truncated or incomplete.
#
#  Out of Memory Error (memory/allocation.inline.hpp:61), pid=255484, tid=0x000000000003ef18
#
# JRE version:  (8.0_192-b12) (build )
# Java VM: Java HotSpot(TM) 64-Bit Server VM (25.192-b12 mixed mode windows-amd64 compressed oops)
# Failed to write core dump. Minidumps are not enabled by default on client versions of Windows
#

---------------  T H R E A D  ---------------

Current thread (0x0000000002fe7800):  JavaThread "Unknown thread" [_thread_in_vm, id=257816, stack(0x0000000002df0000,0x0000000002ef0000)]

Stack: [0x0000000002df0000,0x0000000002ef0000]
[error occurred during error reporting (printing stack bounds), id 0xc0000005]

Native frames: (J=compiled Java code, j=interpreted, Vv=VM code, C=native code)


---------------  P R O C E S S  ---------------

Java Threads: ( => current thread )

Other Threads:

=>0x0000000002fe7800 (exited) JavaThread "Unknown thread" [_thread_in_vm, id=257816, stack(0x0000000002df0000,0x0000000002ef0000)]

VM state:not at safepoint (normal execution)

VM Mutex/Monitor currently owned by a thread: None

heap address: 0x00000006c2e00000, size: 4050 MB, Compressed Oops mode: Zero based, Oop shift amount: 3
Narrow klass base: 0x0000000000000000, Narrow klass shift: 3
Compressed class space size: 1073741824 Address: 0x00000007c0000000

Heap:
 PSYoungGen      total 75776K, used 1300K [0x000000076ba00000, 0x0000000770e80000, 0x00000007c0000000)
  eden space 65024K, 2% used [0x000000076ba00000,0x000000076bb451f8,0x000000076f980000)
  from space 10752K, 0% used [0x0000000770400000,0x0000000770400000,0x0000000770e80000)
  to   space 10752K, 0% used [0x000000076f980000,0x000000076f980000,0x0000000770400000)
 ParOldGen       total 173568K, used 0K [0x00000006c2e00000, 0x00000006cd780000, 0x000000076ba00000)
  object space 173568K, 0% used [0x00000006c2e00000,0x00000006c2e00000,0x00000006cd780000)
 Metaspace       used 775K, capacity 4480K, committed 4480K, reserved 1056768K
  class space    used 76K, capacity 384K, committed 384K, reserved 1048576K

Card table byte_map: [0x00000000125a0000,0x0000000012d90000] byte_map_base: 0x000000000ef89000

Marking Bits: (ParMarkBitMap*) 0x000000005f213ce0
 Begin Bits: [0x0000000013ce0000, 0x0000000017c28000)
 End Bits:   [0x0000000017c28000, 0x000000001bb70000)

Polling page: 0x00000000007e0000

CodeCache: size=245760Kb used=328Kb max_used=328Kb free=245431Kb
 bounds [0x00000000031e0000, 0x0000000003450000, 0x00000000121e0000]
 total_blobs=58 nmethods=0 adapters=38
 compilation: enabled

Compilation events (0 events):
No events

GC Heap History (0 events):
No events

Deoptimization events (0 events):
No events

Classes redefined (0 events):
No events

Internal exceptions (0 events):
No events

Events (10 events):
Event: 0.034 loading class java/lang/Short
Event: 0.034 loading class java/lang/Short done
Event: 0.034 loading class java/lang/Integer
Event: 0.034 loading class java/lang/Integer done
Event: 0.034 loading class java/lang/Long
Event: 0.034 loading class java/lang/Long done
Event: 0.035 loading class java/lang/NullPointerException
Event: 0.035 loading class java/lang/NullPointerException done
Event: 0.035 loading class java/lang/ArithmeticException
Event: 0.035 loading class java/lang/ArithmeticException done


Dynamic libraries:
0x00007ff70fda0000 - 0x00007ff70fdd7000 	C:\Program Files\Java\jdk1.8.0_192\bin\java.exe
0x00007ffaead00000 - 0x00007ffaeaef0000 	C:\WINDOWS\SYSTEM32\ntdll.dll
0x00007ffaeaaa0000 - 0x00007ffaeab52000 	C:\WINDOWS\System32\KERNEL32.DLL
0x00007ffae8050000 - 0x00007ffae82f3000 	C:\WINDOWS\System32\KERNELBASE.dll
0x00007ffaea5a0000 - 0x00007ffaea643000 	C:\WINDOWS\System32\ADVAPI32.dll
0x00007ffae9f50000 - 0x00007ffae9fee000 	C:\WINDOWS\System32\msvcrt.dll
0x00007ffae9ff0000 - 0x00007ffaea087000 	C:\WINDOWS\System32\sechost.dll
0x00007ffae8f50000 - 0x00007ffae9070000 	C:\WINDOWS\System32\RPCRT4.dll
0x00007ffae8db0000 - 0x00007ffae8f44000 	C:\WINDOWS\System32\USER32.dll
0x00007ffae7f70000 - 0x00007ffae7f91000 	C:\WINDOWS\System32\win32u.dll
0x00007ffae9e40000 - 0x00007ffae9e66000 	C:\WINDOWS\System32\GDI32.dll
0x00007ffae7c90000 - 0x00007ffae7e24000 	C:\WINDOWS\System32\gdi32full.dll
0x00007ffae7e30000 - 0x00007ffae7ece000 	C:\WINDOWS\System32\msvcp_win.dll
0x00007ffae8c30000 - 0x00007ffae8d2a000 	C:\WINDOWS\System32\ucrtbase.dll
0x00007ffadc0d0000 - 0x00007ffadc355000 	C:\WINDOWS\WinSxS\amd64_microsoft.windows.common-controls_6595b64144ccf1df_6.0.18362.476_none_e6c4b11b130f2595\COMCTL32.dll
0x00007ffae9770000 - 0x00007ffae9aa6000 	C:\WINDOWS\System32\combase.dll
0x00007ffae8d30000 - 0x00007ffae8db0000 	C:\WINDOWS\System32\bcryptPrimitives.dll
0x00007ffaea570000 - 0x00007ffaea59e000 	C:\WINDOWS\System32\IMM32.DLL
0x0000000061930000 - 0x0000000061a01000 	C:\Program Files\Java\jdk1.8.0_192\jre\bin\msvcr100.dll
0x000000005e9f0000 - 0x000000005f293000 	C:\Program Files\Java\jdk1.8.0_192\jre\bin\server\jvm.dll
0x00007ffaea560000 - 0x00007ffaea568000 	C:\WINDOWS\System32\PSAPI.DLL
0x00007ffae3110000 - 0x00007ffae311a000 	C:\WINDOWS\SYSTEM32\VERSION.dll
0x00007ffab46e0000 - 0x00007ffab46e9000 	C:\WINDOWS\SYSTEM32\WSOCK32.dll
0x00007ffae3760000 - 0x00007ffae3784000 	C:\WINDOWS\SYSTEM32\WINMM.dll
0x00007ffaeac50000 - 0x00007ffaeacbf000 	C:\WINDOWS\System32\WS2_32.dll
0x00007ffae3360000 - 0x00007ffae338d000 	C:\WINDOWS\SYSTEM32\winmmbase.dll
0x00007ffae7f00000 - 0x00007ffae7f4a000 	C:\WINDOWS\System32\cfgmgr32.dll
0x00007ffadaea0000 - 0x00007ffadaeaf000 	C:\Program Files\Java\jdk1.8.0_192\jre\bin\verify.dll
0x00007ffadae70000 - 0x00007ffadae99000 	C:\Program Files\Java\jdk1.8.0_192\jre\bin\java.dll
0x00007ffada9a0000 - 0x00007ffada9c3000 	C:\Program Files\Java\jdk1.8.0_192\jre\bin\instrument.dll
0x00007ffad6ee0000 - 0x00007ffad6ef6000 	C:\Program Files\Java\jdk1.8.0_192\jre\bin\zip.dll

VM Arguments:
jvm_args: -XX:TieredStopAtLevel=1 -Xverify:none -Dspring.output.ansi.enabled=always -Dcom.sun.management.jmxremote -Dcom.sun.management.jmxremote.port=52856 -Dcom.sun.management.jmxremote.authenticate=false -Dcom.sun.management.jmxremote.ssl=false -Djava.rmi.server.hostname=localhost -Dspring.liveBeansView.mbeanDomain -Dspring.application.admin.enabled=true -javaagent:C:\Program Files\JetBrains\IntelliJ IDEA 2018.3\lib\idea_rt.jar=52857:C:\Program Files\JetBrains\IntelliJ IDEA 2018.3\bin -Dfile.encoding=UTF-8 
java_command: com.example.demo.DemoApplication
java_class_path (initial): C:\Program Files\Java\jdk1.8.0_192\jre\lib\charsets.jar;C:\Program Files\Java\jdk1.8.0_192\jre\lib\deploy.jar;C:\Program Files\Java\jdk1.8.0_192\jre\lib\ext\access-bridge-64.jar;C:\Program Files\Java\jdk1.8.0_192\jre\lib\ext\cldrdata.jar;C:\Program Files\Java\jdk1.8.0_192\jre\lib\ext\dnsns.jar;C:\Program Files\Java\jdk1.8.0_192\jre\lib\ext\jaccess.jar;C:\Program Files\Java\jdk1.8.0_192\jre\lib\ext\jfxrt.jar;C:\Program Files\Java\jdk1.8.0_192\jre\lib\ext\localedata.jar;C:\Program Files\Java\jdk1.8.0_192\jre\lib\ext\nashorn.jar;C:\Program Files\Java\jdk1.8.0_192\jre\lib\ext\sunec.jar;C:\Program Files\Java\jdk1.8.0_192\jre\lib\ext\sunjce_provider.jar;C:\Program Files\Java\jdk1.8.0_192\jre\lib\ext\sunmscapi.jar;C:\Program Files\Java\jdk1.8.0_192\jre\lib\ext\sunpkcs11.jar;C:\Program Files\Java\jdk1.8.0_192\jre\lib\ext\zipfs.jar;C:\Program Files\Java\jdk1.8.0_192\jre\lib\javaws.jar;C:\Program Files\Java\jdk1.8.0_192\jre\lib\jce.jar;C:\Program Files\Java\jdk1.8.0_192\jre\lib\jfr.jar;C:\Program Files\Java\jdk1.8.0_192\jre\lib\jfxswt.jar;C:\Program Files\Java\jdk1.8.0_192\jre\lib\jsse.jar;C:\Program Files\Java\jdk1.8.0_192\jre\lib\management-agent.jar;C:\Program Files\Java\jdk1.8.0_192\jre\lib\plugin.jar;C:\Program Files\Java\jdk1.8.0_192\jre\lib\resources.jar;C:\Program Files\Java\jdk1.8.0_192\jre\lib\rt.jar;D:\demo\target\classes;C:\Users\Jiang Zhijian\.m2\repository\org\springframework\boot\spring-boot-starter-web\2.2.0.RELEASE\spring-boot-starter-web-2.2.0.RELEASE.jar;C:\Users\Jiang Zhijian\.m2\repository\org\springframework\boot\spring-boot-starter\2.2.0.RELEASE\spring-boot-starter-2.2.0.RELEASE.jar;C:\Users\Jiang Zhijian\.m2\repository\org\springframework\boot\spring-boot\2.2.0.RELEASE\spring-boot-2.2.0.RELEASE.jar;C:\Users\Jiang Zhijian\.m2\repository\org\springframework\boot\spring-boot-autoconfigure\2.2.0.RELEASE\spring-boot-autoconfigure-2.2.0.RELEASE.jar;C:\Users\Jiang Zhijian\.m2\repository\org\springframework\boot\spring-boot-starter
Launcher Type: SUN_STANDARD

Environment Variables:
JAVA_HOME=C:\Program Files\Java\jdk1.8.0_192
CLASSPATH=.;C:\Program Files\Java\jdk1.8.0_192\lib\dt.jar;C:\Program Files\Java\jdk1.8.0_192\lib\tools.jar
PATH=D:\Python27\;D:\Python27\Scripts;D:\Program Files (x86)\XSHELL\;C:\Program Files (x86)\Common Files\Oracle\Java\javapath;C:\Python27;C:\Program Files\Java\jdk1.8.0_192\bin;C:\Program Files\nodejs;C:\Windows\System32;C:\Program Files\nodejs\;C:\Program Files\Java\jdk1.8.0_192\jre\bin;D:\SDK\tools;D:\SDK\platform-tools;C:\WINDOWS\system32;C:\WINDOWS;C:\WINDOWS\System32\Wbem;C:\WINDOWS\System32\WindowsPowerShell\v1.0\;C:\WINDOWS\System32\OpenSSH\;C:\MinGW\bin;D:\Program Files\Git LFS;D:\Program Files\Anaconda3;D:\Program Files\Anaconda3\Scripts;D:\texlive\bin\win32;C:\Program Files (x86)\SumatraPDF;C：\Program Files\MySQL\MySQL Server 5.7\bin;C:\Program Files\MySQL\MySQL Shell 8.0\bin\;C:\Users\Jiang Zhijian\AppData\Local\Microsoft\WindowsApps;C:\Program Files\nodejs\node_modules;C:\Users\Jiang Zhijian\AppData\Roaming\npm;C:\Program Files\JetBrains\IntelliJ IDEA 2018.3\bin;;D:\Program Files (x86)\Microsoft VS Code\bin;D:\Program Files\JetBrains\PyCharm 2019.1.3\bin;;D:\texlive\bin\win32;
USERNAME=Jiang Zhijian
OS=Windows_NT
PROCESSOR_IDENTIFIER=Intel64 Family 6 Model 158 Stepping 10, GenuineIntel



---------------  S Y S T E M  ---------------

OS: Windows 10.0 , 64 bit Build 18362 (10.0.18362.329)

CPU:total 12 (initial active 12) (6 cores per cpu, 2 threads per core) family 6 model 158 stepping 10, cmov, cx8, fxsr, mmx, sse, sse2, sse3, ssse3, sse4.1, sse4.2, popcnt, avx, avx2, aes, clmul, erms, rtm, 3dnowpref, lzcnt, ht, tsc, tscinvbit, bmi1, bmi2, adx

Memory: 4k page, physical 16587744k(1437296k free), swap 30424412k(277604k free)

vm_info: Java HotSpot(TM) 64-Bit Server VM (25.192-b12) for windows-amd64 JRE (1.8.0_192-b12), built on Oct  6 2018 17:12:23 by "java_re" with MS VC++ 10.0 (VS2010)

time: Mon Nov 25 21:24:17 2019
timezone: 中国标准时间
elapsed time: 0 seconds (0d 0h 0m 0s)

